2025-04-29 17:35:31 - INFO - [restartedMain] c.m.c.E.J.EsameFineCorsoJavaApplication - Starting EsameFineCorsoJavaApplication using Java 23.0.2 with PID 33564 (C:\Users\miche\Desktop\Sviluppo Software\2°Anno\Brief\Esame Fine Corso Java\Esame-Fine-Corso-Java\target\classes started by miche in C:\Users\miche\Desktop\Sviluppo Software\2°Anno\Brief\Esame Fine Corso Java\Esame-Fine-Corso-Java)
2025-04-29 17:35:31 - INFO - [restartedMain] c.m.c.E.J.EsameFineCorsoJavaApplication - No active profile set, falling back to 1 default profile: "default"
2025-04-29 17:35:31 - INFO - [restartedMain] o.s.b.d.e.DevToolsPropertyDefaultsPostProcessor - Devtools property defaults active! Set 'spring.devtools.add-properties' to 'false' to disable
2025-04-29 17:35:31 - INFO - [restartedMain] o.s.b.d.e.DevToolsPropertyDefaultsPostProcessor - For additional web related logging consider setting the 'logging.level.web' property to 'DEBUG'
2025-04-29 17:35:32 - INFO - [restartedMain] o.s.d.r.c.RepositoryConfigurationDelegate - Bootstrapping Spring Data JPA repositories in DEFAULT mode.
2025-04-29 17:35:32 - INFO - [restartedMain] o.s.d.r.c.RepositoryConfigurationDelegate - Finished Spring Data repository scanning in 83 ms. Found 10 JPA repository interfaces.
2025-04-29 17:35:34 - INFO - [restartedMain] o.s.b.w.e.tomcat.TomcatWebServer - Tomcat initialized with port(s): 8080 (http)
2025-04-29 17:35:34 - INFO - [restartedMain] o.a.catalina.core.StandardService - Starting service [Tomcat]
2025-04-29 17:35:34 - INFO - [restartedMain] o.a.catalina.core.StandardEngine - Starting Servlet engine: [Apache Tomcat/10.1.15]
2025-04-29 17:35:34 - INFO - [restartedMain] o.a.c.c.C.[Tomcat].[localhost].[/] - Initializing Spring embedded WebApplicationContext
2025-04-29 17:35:34 - INFO - [restartedMain] o.s.b.w.s.c.ServletWebServerApplicationContext - Root WebApplicationContext: initialization completed in 2769 ms
2025-04-29 17:35:34 - INFO - [restartedMain] o.h.jpa.internal.util.LogHelper - HHH000204: Processing PersistenceUnitInfo [name: default]
2025-04-29 17:35:34 - INFO - [restartedMain] org.hibernate.Version - HHH000412: Hibernate ORM core version 6.2.13.Final
2025-04-29 17:35:34 - INFO - [restartedMain] org.hibernate.cfg.Environment - HHH000406: Using bytecode reflection optimizer
2025-04-29 17:35:34 - INFO - [restartedMain] o.s.o.j.p.SpringPersistenceUnitInfo - No LoadTimeWeaver setup: ignoring JPA class transformer
2025-04-29 17:35:35 - INFO - [restartedMain] com.zaxxer.hikari.HikariDataSource - HikariPool-1 - Starting...
2025-04-29 17:35:35 - INFO - [restartedMain] com.zaxxer.hikari.pool.HikariPool - HikariPool-1 - Added connection org.postgresql.jdbc.PgConnection@3e90114c
2025-04-29 17:35:35 - INFO - [restartedMain] com.zaxxer.hikari.HikariDataSource - HikariPool-1 - Start completed.
2025-04-29 17:35:36 - INFO - [restartedMain] o.h.e.t.j.p.i.JtaPlatformInitiator - HHH000489: No JTA platform available (set 'hibernate.transaction.jta.platform' to enable JTA platform integration)
2025-04-29 17:35:36 - INFO - [restartedMain] o.s.o.j.LocalContainerEntityManagerFactoryBean - Initialized JPA EntityManagerFactory for persistence unit 'default'
2025-04-29 17:35:37 - WARN - [restartedMain] o.s.b.a.o.j.JpaBaseConfiguration$JpaWebConfiguration - spring.jpa.open-in-view is enabled by default. Therefore, database queries may be performed during view rendering. Explicitly configure spring.jpa.open-in-view to disable this warning
2025-04-29 17:35:38 - INFO - [restartedMain] o.s.s.web.DefaultSecurityFilterChain - Will secure any request with [org.springframework.security.web.session.DisableEncodeUrlFilter@562852a3, org.springframework.security.web.context.request.async.WebAsyncManagerIntegrationFilter@d10ae24, org.springframework.security.web.context.SecurityContextHolderFilter@4b763a0d, org.springframework.security.web.header.HeaderWriterFilter@2a7fad08, org.springframework.security.web.authentication.logout.LogoutFilter@303fd5a, jwt.security.auth.com.michele.caniglia.Tech.Academy.AuthTokenFilter@6f6cbaba, org.springframework.security.web.savedrequest.RequestCacheAwareFilter@322b2423, org.springframework.security.web.servletapi.SecurityContextHolderAwareRequestFilter@6ca2bbf, org.springframework.security.web.authentication.AnonymousAuthenticationFilter@5dadb9e7, org.springframework.security.web.session.SessionManagementFilter@5dc13192, org.springframework.security.web.access.ExceptionTranslationFilter@153dc90b, org.springframework.security.web.access.intercept.AuthorizationFilter@368dbdc7]
2025-04-29 17:35:38 - INFO - [restartedMain] o.s.b.d.a.OptionalLiveReloadServer - LiveReload server is running on port 35729
2025-04-29 17:35:38 - INFO - [restartedMain] o.s.b.w.e.tomcat.TomcatWebServer - Tomcat started on port(s): 8080 (http) with context path ''
2025-04-29 17:35:38 - INFO - [restartedMain] c.m.c.E.J.EsameFineCorsoJavaApplication - Started EsameFineCorsoJavaApplication in 7.723 seconds (process running for 9.173)
2025-04-29 17:37:23 - INFO - [http-nio-8080-exec-1] o.a.c.c.C.[Tomcat].[localhost].[/] - Initializing Spring DispatcherServlet 'dispatcherServlet'
2025-04-29 17:37:23 - INFO - [http-nio-8080-exec-1] o.s.web.servlet.DispatcherServlet - Initializing Servlet 'dispatcherServlet'
2025-04-29 17:37:23 - INFO - [http-nio-8080-exec-1] o.s.web.servlet.DispatcherServlet - Completed initialization in 1 ms
2025-04-29 17:37:24 - INFO - [http-nio-8080-exec-7] o.s.api.AbstractOpenApiResource - Init duration for springdoc-openapi is: 419 ms
2025-04-29 17:40:30 - INFO - [http-nio-8080-exec-10] c.m.c.E.Java.service.StudenteService - Creato nuovo studente: test@mail.com
2025-04-29 17:40:44 - INFO - [http-nio-8080-exec-1] c.m.c.E.Java.service.StudenteService - Studente eliminato con ID 7
2025-04-29 17:46:44 - INFO - [http-nio-8080-exec-2] c.m.c.E.Java.service.StudenteService - Recuperati 5 studenti
2025-04-29 17:50:13 - INFO - [SpringApplicationShutdownHook] o.s.o.j.LocalContainerEntityManagerFactoryBean - Closing JPA EntityManagerFactory for persistence unit 'default'
2025-04-29 17:50:13 - INFO - [SpringApplicationShutdownHook] com.zaxxer.hikari.HikariDataSource - HikariPool-1 - Shutdown initiated...
2025-04-29 17:50:13 - INFO - [SpringApplicationShutdownHook] com.zaxxer.hikari.HikariDataSource - HikariPool-1 - Shutdown completed.
2025-04-30 09:54:36 - INFO - [main] c.m.c.T.A.EsameFineCorsoJavaApplicationTests - Starting EsameFineCorsoJavaApplicationTests using Java 23.0.2 with PID 11500 (started by miche in C:\Users\miche\Desktop\Sviluppo Software\2°Anno\Brief\Esame Fine Corso Java\Esame-Fine-Corso-Java)
2025-04-30 09:54:36 - INFO - [main] c.m.c.T.A.EsameFineCorsoJavaApplicationTests - No active profile set, falling back to 1 default profile: "default"
2025-04-30 09:54:37 - INFO - [main] o.s.d.r.c.RepositoryConfigurationDelegate - Bootstrapping Spring Data JPA repositories in DEFAULT mode.
2025-04-30 09:54:37 - INFO - [main] o.s.d.r.c.RepositoryConfigurationDelegate - Finished Spring Data repository scanning in 60 ms. Found 10 JPA repository interfaces.
2025-04-30 09:54:38 - INFO - [main] o.h.jpa.internal.util.LogHelper - HHH000204: Processing PersistenceUnitInfo [name: default]
2025-04-30 09:54:38 - INFO - [main] org.hibernate.Version - HHH000412: Hibernate ORM core version 6.2.13.Final
2025-04-30 09:54:38 - INFO - [main] org.hibernate.cfg.Environment - HHH000406: Using bytecode reflection optimizer
2025-04-30 09:54:38 - INFO - [main] o.s.o.j.p.SpringPersistenceUnitInfo - No LoadTimeWeaver setup: ignoring JPA class transformer
2025-04-30 09:54:38 - INFO - [main] com.zaxxer.hikari.HikariDataSource - HikariPool-1 - Starting...
2025-04-30 09:54:38 - INFO - [main] com.zaxxer.hikari.pool.HikariPool - HikariPool-1 - Added connection org.postgresql.jdbc.PgConnection@7657d90b
2025-04-30 09:54:38 - INFO - [main] com.zaxxer.hikari.HikariDataSource - HikariPool-1 - Start completed.
2025-04-30 09:54:40 - INFO - [main] o.h.e.t.j.p.i.JtaPlatformInitiator - HHH000489: No JTA platform available (set 'hibernate.transaction.jta.platform' to enable JTA platform integration)
2025-04-30 09:54:40 - INFO - [main] o.s.o.j.LocalContainerEntityManagerFactoryBean - Initialized JPA EntityManagerFactory for persistence unit 'default'
2025-04-30 09:54:41 - WARN - [main] o.s.b.a.o.j.JpaBaseConfiguration$JpaWebConfiguration - spring.jpa.open-in-view is enabled by default. Therefore, database queries may be performed during view rendering. Explicitly configure spring.jpa.open-in-view to disable this warning
2025-04-30 09:54:41 - INFO - [main] o.s.s.web.DefaultSecurityFilterChain - Will secure any request with [org.springframework.security.web.session.DisableEncodeUrlFilter@7da40bf4, org.springframework.security.web.context.request.async.WebAsyncManagerIntegrationFilter@75708130, org.springframework.security.web.context.SecurityContextHolderFilter@1db7a4ae, org.springframework.security.web.header.HeaderWriterFilter@48543f11, org.springframework.security.web.authentication.logout.LogoutFilter@1a6df932, com.michele.caniglia.Tech.Academy.auth.security.jwt.AuthTokenFilter@40b678b3, org.springframework.security.web.savedrequest.RequestCacheAwareFilter@6764201e, org.springframework.security.web.servletapi.SecurityContextHolderAwareRequestFilter@7a0f1f9d, org.springframework.security.web.authentication.AnonymousAuthenticationFilter@c651286, org.springframework.security.web.session.SessionManagementFilter@38affd02, org.springframework.security.web.access.ExceptionTranslationFilter@52f71d2, org.springframework.security.web.access.intercept.AuthorizationFilter@5101b9]
2025-04-30 09:54:41 - INFO - [main] c.m.c.T.A.EsameFineCorsoJavaApplicationTests - Started EsameFineCorsoJavaApplicationTests in 5.797 seconds (process running for 6.876)
2025-04-30 09:54:42 - INFO - [SpringApplicationShutdownHook] o.s.o.j.LocalContainerEntityManagerFactoryBean - Closing JPA EntityManagerFactory for persistence unit 'default'
2025-04-30 09:54:42 - INFO - [SpringApplicationShutdownHook] com.zaxxer.hikari.HikariDataSource - HikariPool-1 - Shutdown initiated...
2025-04-30 09:54:42 - INFO - [SpringApplicationShutdownHook] com.zaxxer.hikari.HikariDataSource - HikariPool-1 - Shutdown completed.
2025-04-30 09:57:05 - INFO - [restartedMain] c.m.c.T.A.EsameFineCorsoJavaApplication - Starting EsameFineCorsoJavaApplication using Java 23.0.2 with PID 13828 (C:\Users\miche\Desktop\Sviluppo Software\2°Anno\Brief\Esame Fine Corso Java\Esame-Fine-Corso-Java\target\classes started by miche in C:\Users\miche\Desktop\Sviluppo Software\2°Anno\Brief\Esame Fine Corso Java\Esame-Fine-Corso-Java)
2025-04-30 09:57:05 - INFO - [restartedMain] c.m.c.T.A.EsameFineCorsoJavaApplication - No active profile set, falling back to 1 default profile: "default"
2025-04-30 09:57:05 - INFO - [restartedMain] o.s.b.d.e.DevToolsPropertyDefaultsPostProcessor - Devtools property defaults active! Set 'spring.devtools.add-properties' to 'false' to disable
2025-04-30 09:57:05 - INFO - [restartedMain] o.s.b.d.e.DevToolsPropertyDefaultsPostProcessor - For additional web related logging consider setting the 'logging.level.web' property to 'DEBUG'
2025-04-30 09:57:06 - INFO - [restartedMain] o.s.d.r.c.RepositoryConfigurationDelegate - Bootstrapping Spring Data JPA repositories in DEFAULT mode.
2025-04-30 09:57:06 - INFO - [restartedMain] o.s.d.r.c.RepositoryConfigurationDelegate - Finished Spring Data repository scanning in 78 ms. Found 10 JPA repository interfaces.
2025-04-30 09:57:07 - INFO - [restartedMain] o.s.b.w.e.tomcat.TomcatWebServer - Tomcat initialized with port(s): 8080 (http)
2025-04-30 09:57:07 - INFO - [restartedMain] o.a.catalina.core.StandardService - Starting service [Tomcat]
2025-04-30 09:57:07 - INFO - [restartedMain] o.a.catalina.core.StandardEngine - Starting Servlet engine: [Apache Tomcat/10.1.15]
2025-04-30 09:57:07 - INFO - [restartedMain] o.a.c.c.C.[Tomcat].[localhost].[/] - Initializing Spring embedded WebApplicationContext
2025-04-30 09:57:07 - INFO - [restartedMain] o.s.b.w.s.c.ServletWebServerApplicationContext - Root WebApplicationContext: initialization completed in 1886 ms
2025-04-30 09:57:07 - INFO - [restartedMain] o.h.jpa.internal.util.LogHelper - HHH000204: Processing PersistenceUnitInfo [name: default]
2025-04-30 09:57:07 - INFO - [restartedMain] org.hibernate.Version - HHH000412: Hibernate ORM core version 6.2.13.Final
2025-04-30 09:57:07 - INFO - [restartedMain] org.hibernate.cfg.Environment - HHH000406: Using bytecode reflection optimizer
2025-04-30 09:57:08 - INFO - [restartedMain] o.s.o.j.p.SpringPersistenceUnitInfo - No LoadTimeWeaver setup: ignoring JPA class transformer
2025-04-30 09:57:08 - INFO - [restartedMain] com.zaxxer.hikari.HikariDataSource - HikariPool-1 - Starting...
2025-04-30 09:57:08 - INFO - [restartedMain] com.zaxxer.hikari.pool.HikariPool - HikariPool-1 - Added connection org.postgresql.jdbc.PgConnection@6f184262
2025-04-30 09:57:08 - INFO - [restartedMain] com.zaxxer.hikari.HikariDataSource - HikariPool-1 - Start completed.
2025-04-30 09:57:09 - INFO - [restartedMain] o.h.e.t.j.p.i.JtaPlatformInitiator - HHH000489: No JTA platform available (set 'hibernate.transaction.jta.platform' to enable JTA platform integration)
2025-04-30 09:57:09 - INFO - [restartedMain] o.s.o.j.LocalContainerEntityManagerFactoryBean - Initialized JPA EntityManagerFactory for persistence unit 'default'
2025-04-30 09:57:10 - WARN - [restartedMain] o.s.b.a.o.j.JpaBaseConfiguration$JpaWebConfiguration - spring.jpa.open-in-view is enabled by default. Therefore, database queries may be performed during view rendering. Explicitly configure spring.jpa.open-in-view to disable this warning
2025-04-30 09:57:10 - INFO - [restartedMain] o.s.s.web.DefaultSecurityFilterChain - Will secure any request with [org.springframework.security.web.session.DisableEncodeUrlFilter@1b9f781, org.springframework.security.web.context.request.async.WebAsyncManagerIntegrationFilter@74012536, org.springframework.security.web.context.SecurityContextHolderFilter@4a4ad7a2, org.springframework.security.web.header.HeaderWriterFilter@4866d48f, org.springframework.security.web.authentication.logout.LogoutFilter@609272e5, com.michele.caniglia.Tech.Academy.auth.security.jwt.AuthTokenFilter@24dbef02, org.springframework.security.web.savedrequest.RequestCacheAwareFilter@5dfe946d, org.springframework.security.web.servletapi.SecurityContextHolderAwareRequestFilter@4c01b173, org.springframework.security.web.authentication.AnonymousAuthenticationFilter@9237a5, org.springframework.security.web.session.SessionManagementFilter@6992eb81, org.springframework.security.web.access.ExceptionTranslationFilter@4544cbe3, org.springframework.security.web.access.intercept.AuthorizationFilter@7af1e79f]
2025-04-30 09:57:11 - INFO - [restartedMain] o.s.b.d.a.OptionalLiveReloadServer - LiveReload server is running on port 35729
2025-04-30 09:57:11 - INFO - [restartedMain] o.s.b.w.e.tomcat.TomcatWebServer - Tomcat started on port(s): 8080 (http) with context path ''
2025-04-30 09:57:11 - INFO - [restartedMain] c.m.c.T.A.EsameFineCorsoJavaApplication - Started EsameFineCorsoJavaApplication in 6.025 seconds (process running for 6.485)
2025-04-30 09:57:18 - INFO - [http-nio-8080-exec-1] o.a.c.c.C.[Tomcat].[localhost].[/] - Initializing Spring DispatcherServlet 'dispatcherServlet'
2025-04-30 09:57:18 - INFO - [http-nio-8080-exec-1] o.s.web.servlet.DispatcherServlet - Initializing Servlet 'dispatcherServlet'
2025-04-30 09:57:18 - INFO - [http-nio-8080-exec-1] o.s.web.servlet.DispatcherServlet - Completed initialization in 1 ms
2025-04-30 09:57:20 - INFO - [http-nio-8080-exec-7] o.s.api.AbstractOpenApiResource - Init duration for springdoc-openapi is: 1158 ms
2025-04-30 09:59:25 - ERROR - [http-nio-8080-exec-6] c.m.c.T.A.e.GlobalExceptionHandler - Errore generico non gestito: 
jakarta.servlet.ServletException: Handler dispatch failed: java.lang.NoClassDefFoundError: com/michele/caniglia/Tech/Academy/auth/security/services/UserDetailsImpl
	at org.springframework.web.servlet.DispatcherServlet.doDispatch(DispatcherServlet.java:1096)
	at org.springframework.web.servlet.DispatcherServlet.doService(DispatcherServlet.java:974)
	at org.springframework.web.servlet.FrameworkServlet.processRequest(FrameworkServlet.java:1011)
	at org.springframework.web.servlet.FrameworkServlet.doPost(FrameworkServlet.java:914)
	at jakarta.servlet.http.HttpServlet.service(HttpServlet.java:590)
	at org.springframework.web.servlet.FrameworkServlet.service(FrameworkServlet.java:885)
	at jakarta.servlet.http.HttpServlet.service(HttpServlet.java:658)
	at org.apache.catalina.core.ApplicationFilterChain.internalDoFilter(ApplicationFilterChain.java:205)
	at org.apache.catalina.core.ApplicationFilterChain.doFilter(ApplicationFilterChain.java:149)
	at org.apache.tomcat.websocket.server.WsFilter.doFilter(WsFilter.java:51)
	at org.apache.catalina.core.ApplicationFilterChain.internalDoFilter(ApplicationFilterChain.java:174)
	at org.apache.catalina.core.ApplicationFilterChain.doFilter(ApplicationFilterChain.java:149)
	at org.springframework.web.filter.OncePerRequestFilter.doFilter(OncePerRequestFilter.java:110)
	at org.apache.catalina.core.ApplicationFilterChain.internalDoFilter(ApplicationFilterChain.java:174)
	at org.apache.catalina.core.ApplicationFilterChain.doFilter(ApplicationFilterChain.java:149)
	at org.springframework.security.web.FilterChainProxy.lambda$doFilterInternal$3(FilterChainProxy.java:231)
	at org.springframework.security.web.FilterChainProxy$VirtualFilterChain.doFilter(FilterChainProxy.java:365)
	at org.springframework.security.web.access.intercept.AuthorizationFilter.doFilter(AuthorizationFilter.java:100)
	at org.springframework.security.web.FilterChainProxy$VirtualFilterChain.doFilter(FilterChainProxy.java:374)
	at org.springframework.security.web.access.ExceptionTranslationFilter.doFilter(ExceptionTranslationFilter.java:126)
	at org.springframework.security.web.access.ExceptionTranslationFilter.doFilter(ExceptionTranslationFilter.java:120)
	at org.springframework.security.web.FilterChainProxy$VirtualFilterChain.doFilter(FilterChainProxy.java:374)
	at org.springframework.security.web.session.SessionManagementFilter.doFilter(SessionManagementFilter.java:131)
	at org.springframework.security.web.session.SessionManagementFilter.doFilter(SessionManagementFilter.java:85)
	at org.springframework.security.web.FilterChainProxy$VirtualFilterChain.doFilter(FilterChainProxy.java:374)
	at org.springframework.security.web.authentication.AnonymousAuthenticationFilter.doFilter(AnonymousAuthenticationFilter.java:100)
	at org.springframework.security.web.FilterChainProxy$VirtualFilterChain.doFilter(FilterChainProxy.java:374)
	at org.springframework.security.web.servletapi.SecurityContextHolderAwareRequestFilter.doFilter(SecurityContextHolderAwareRequestFilter.java:179)
	at org.springframework.security.web.FilterChainProxy$VirtualFilterChain.doFilter(FilterChainProxy.java:374)
	at org.springframework.security.web.savedrequest.RequestCacheAwareFilter.doFilter(RequestCacheAwareFilter.java:63)
	at org.springframework.security.web.FilterChainProxy$VirtualFilterChain.doFilter(FilterChainProxy.java:374)
	at com.michele.caniglia.Tech.Academy.auth.security.jwt.AuthTokenFilter.doFilterInternal(AuthTokenFilter.java:55)
	at org.springframework.web.filter.OncePerRequestFilter.doFilter(OncePerRequestFilter.java:116)
	at org.springframework.security.web.FilterChainProxy$VirtualFilterChain.doFilter(FilterChainProxy.java:374)
	at org.springframework.security.web.authentication.logout.LogoutFilter.doFilter(LogoutFilter.java:107)
	at org.springframework.security.web.authentication.logout.LogoutFilter.doFilter(LogoutFilter.java:93)
	at org.springframework.security.web.FilterChainProxy$VirtualFilterChain.doFilter(FilterChainProxy.java:374)
	at org.springframework.security.web.header.HeaderWriterFilter.doHeadersAfter(HeaderWriterFilter.java:90)
	at org.springframework.security.web.header.HeaderWriterFilter.doFilterInternal(HeaderWriterFilter.java:75)
	at org.springframework.web.filter.OncePerRequestFilter.doFilter(OncePerRequestFilter.java:116)
	at org.springframework.security.web.FilterChainProxy$VirtualFilterChain.doFilter(FilterChainProxy.java:374)
	at org.springframework.security.web.context.SecurityContextHolderFilter.doFilter(SecurityContextHolderFilter.java:82)
	at org.springframework.security.web.context.SecurityContextHolderFilter.doFilter(SecurityContextHolderFilter.java:69)
	at org.springframework.security.web.FilterChainProxy$VirtualFilterChain.doFilter(FilterChainProxy.java:374)
	at org.springframework.security.web.context.request.async.WebAsyncManagerIntegrationFilter.doFilterInternal(WebAsyncManagerIntegrationFilter.java:62)
	at org.springframework.web.filter.OncePerRequestFilter.doFilter(OncePerRequestFilter.java:116)
	at org.springframework.security.web.FilterChainProxy$VirtualFilterChain.doFilter(FilterChainProxy.java:374)
	at org.springframework.security.web.session.DisableEncodeUrlFilter.doFilterInternal(DisableEncodeUrlFilter.java:42)
	at org.springframework.web.filter.OncePerRequestFilter.doFilter(OncePerRequestFilter.java:116)
	at org.springframework.security.web.FilterChainProxy$VirtualFilterChain.doFilter(FilterChainProxy.java:374)
	at org.springframework.security.web.FilterChainProxy.doFilterInternal(FilterChainProxy.java:233)
	at org.springframework.security.web.FilterChainProxy.doFilter(FilterChainProxy.java:191)
	at org.springframework.web.filter.DelegatingFilterProxy.invokeDelegate(DelegatingFilterProxy.java:352)
	at org.springframework.web.filter.DelegatingFilterProxy.doFilter(DelegatingFilterProxy.java:268)
	at org.apache.catalina.core.ApplicationFilterChain.internalDoFilter(ApplicationFilterChain.java:174)
	at org.apache.catalina.core.ApplicationFilterChain.doFilter(ApplicationFilterChain.java:149)
	at org.springframework.web.filter.RequestContextFilter.doFilterInternal(RequestContextFilter.java:100)
	at org.springframework.web.filter.OncePerRequestFilter.doFilter(OncePerRequestFilter.java:116)
	at org.apache.catalina.core.ApplicationFilterChain.internalDoFilter(ApplicationFilterChain.java:174)
	at org.apache.catalina.core.ApplicationFilterChain.doFilter(ApplicationFilterChain.java:149)
	at org.springframework.web.filter.FormContentFilter.doFilterInternal(FormContentFilter.java:93)
	at org.springframework.web.filter.OncePerRequestFilter.doFilter(OncePerRequestFilter.java:116)
	at org.apache.catalina.core.ApplicationFilterChain.internalDoFilter(ApplicationFilterChain.java:174)
	at org.apache.catalina.core.ApplicationFilterChain.doFilter(ApplicationFilterChain.java:149)
	at org.springframework.web.filter.CharacterEncodingFilter.doFilterInternal(CharacterEncodingFilter.java:201)
	at org.springframework.web.filter.OncePerRequestFilter.doFilter(OncePerRequestFilter.java:116)
	at org.apache.catalina.core.ApplicationFilterChain.internalDoFilter(ApplicationFilterChain.java:174)
	at org.apache.catalina.core.ApplicationFilterChain.doFilter(ApplicationFilterChain.java:149)
	at org.apache.catalina.core.StandardWrapperValve.invoke(StandardWrapperValve.java:167)
	at org.apache.catalina.core.StandardContextValve.invoke(StandardContextValve.java:90)
	at org.apache.catalina.authenticator.AuthenticatorBase.invoke(AuthenticatorBase.java:482)
	at org.apache.catalina.core.StandardHostValve.invoke(StandardHostValve.java:115)
	at org.apache.catalina.valves.ErrorReportValve.invoke(ErrorReportValve.java:93)
	at org.apache.catalina.core.StandardEngineValve.invoke(StandardEngineValve.java:74)
	at org.apache.catalina.connector.CoyoteAdapter.service(CoyoteAdapter.java:340)
	at org.apache.coyote.http11.Http11Processor.service(Http11Processor.java:391)
	at org.apache.coyote.AbstractProcessorLight.process(AbstractProcessorLight.java:63)
	at org.apache.coyote.AbstractProtocol$ConnectionHandler.process(AbstractProtocol.java:896)
	at org.apache.tomcat.util.net.NioEndpoint$SocketProcessor.doRun(NioEndpoint.java:1744)
	at org.apache.tomcat.util.net.SocketProcessorBase.run(SocketProcessorBase.java:52)
	at org.apache.tomcat.util.threads.ThreadPoolExecutor.runWorker(ThreadPoolExecutor.java:1191)
	at org.apache.tomcat.util.threads.ThreadPoolExecutor$Worker.run(ThreadPoolExecutor.java:659)
	at org.apache.tomcat.util.threads.TaskThread$WrappingRunnable.run(TaskThread.java:61)
	at java.base/java.lang.Thread.run(Thread.java:1575)
Caused by: java.lang.NoClassDefFoundError: com/michele/caniglia/Tech/Academy/auth/security/services/UserDetailsImpl
	at com.michele.caniglia.Tech.Academy.auth.security.services.UserDetailsServiceImpl.loadUserByUsername(UserDetailsServiceImpl.java:22)
	at org.springframework.security.authentication.dao.DaoAuthenticationProvider.retrieveUser(DaoAuthenticationProvider.java:103)
	at org.springframework.security.authentication.dao.AbstractUserDetailsAuthenticationProvider.authenticate(AbstractUserDetailsAuthenticationProvider.java:133)
	at org.springframework.security.authentication.ProviderManager.authenticate(ProviderManager.java:182)
	at com.michele.caniglia.Tech.Academy.auth.controller.AuthController.authenticateUser(AuthController.java:59)
	at java.base/jdk.internal.reflect.DirectMethodHandleAccessor.invoke(DirectMethodHandleAccessor.java:103)
	at java.base/java.lang.reflect.Method.invoke(Method.java:580)
	at org.springframework.web.method.support.InvocableHandlerMethod.doInvoke(InvocableHandlerMethod.java:205)
	at org.springframework.web.method.support.InvocableHandlerMethod.invokeForRequest(InvocableHandlerMethod.java:150)
	at org.springframework.web.servlet.mvc.method.annotation.ServletInvocableHandlerMethod.invokeAndHandle(ServletInvocableHandlerMethod.java:118)
	at org.springframework.web.servlet.mvc.method.annotation.RequestMappingHandlerAdapter.invokeHandlerMethod(RequestMappingHandlerAdapter.java:884)
	at org.springframework.web.servlet.mvc.method.annotation.RequestMappingHandlerAdapter.handleInternal(RequestMappingHandlerAdapter.java:797)
	at org.springframework.web.servlet.mvc.method.AbstractHandlerMethodAdapter.handle(AbstractHandlerMethodAdapter.java:87)
	at org.springframework.web.servlet.DispatcherServlet.doDispatch(DispatcherServlet.java:1081)
	... 83 common frames omitted
Caused by: java.lang.ClassNotFoundException: com.michele.caniglia.Tech.Academy.auth.security.services.UserDetailsImpl
	at java.base/jdk.internal.loader.BuiltinClassLoader.loadClass(BuiltinClassLoader.java:641)
	at java.base/jdk.internal.loader.ClassLoaders$AppClassLoader.loadClass(ClassLoaders.java:188)
	at java.base/java.lang.ClassLoader.loadClass(ClassLoader.java:528)
	at java.base/java.lang.Class.forName0(Native Method)
	at java.base/java.lang.Class.forName(Class.java:578)
	at java.base/java.lang.Class.forName(Class.java:557)
	at org.springframework.boot.devtools.restart.classloader.RestartClassLoader.loadClass(RestartClassLoader.java:121)
	at java.base/java.lang.ClassLoader.loadClass(ClassLoader.java:528)
	... 97 common frames omitted
2025-04-30 09:59:25 - WARN - [http-nio-8080-exec-6] o.s.w.s.m.m.a.ExceptionHandlerExceptionResolver - Resolved [jakarta.servlet.ServletException: Handler dispatch failed: java.lang.NoClassDefFoundError: com/michele/caniglia/Tech/Academy/auth/security/services/UserDetailsImpl]
2025-04-30 09:59:26 - INFO - [File Watcher] o.s.b.d.a.LocalDevToolsAutoConfiguration$RestartingClassPathChangeChangedEventListener - Restarting due to 85 class path changes (0 additions, 85 deletions, 0 modifications)
2025-04-30 09:59:26 - INFO - [Thread-5] o.a.catalina.core.StandardService - Stopping service [Tomcat]
2025-04-30 09:59:26 - INFO - [Thread-5] o.a.c.c.C.[Tomcat].[localhost].[/] - Destroying Spring FrameworkServlet 'dispatcherServlet'
2025-04-30 09:59:26 - WARN - [Thread-5] o.a.c.loader.WebappClassLoaderBase - The web application [ROOT] appears to have started a thread named [HikariPool-1 housekeeper] but has failed to stop it. This is very likely to create a memory leak. Stack trace of thread:
 java.base/jdk.internal.misc.Unsafe.park(Native Method)
 java.base/java.util.concurrent.locks.LockSupport.parkNanos(LockSupport.java:269)
 java.base/java.util.concurrent.locks.AbstractQueuedSynchronizer$ConditionObject.awaitNanos(AbstractQueuedSynchronizer.java:1763)
 java.base/java.util.concurrent.ScheduledThreadPoolExecutor$DelayedWorkQueue.take(ScheduledThreadPoolExecutor.java:1182)
 java.base/java.util.concurrent.ScheduledThreadPoolExecutor$DelayedWorkQueue.take(ScheduledThreadPoolExecutor.java:899)
 java.base/java.util.concurrent.ThreadPoolExecutor.getTask(ThreadPoolExecutor.java:1070)
 java.base/java.util.concurrent.ThreadPoolExecutor.runWorker(ThreadPoolExecutor.java:1130)
 java.base/java.util.concurrent.ThreadPoolExecutor$Worker.run(ThreadPoolExecutor.java:642)
 java.base/java.lang.Thread.run(Thread.java:1575)
2025-04-30 09:59:26 - INFO - [Thread-5] o.s.o.j.LocalContainerEntityManagerFactoryBean - Closing JPA EntityManagerFactory for persistence unit 'default'
2025-04-30 09:59:26 - INFO - [Thread-5] com.zaxxer.hikari.HikariDataSource - HikariPool-1 - Shutdown initiated...
2025-04-30 09:59:26 - INFO - [Thread-5] com.zaxxer.hikari.HikariDataSource - HikariPool-1 - Shutdown completed.
2025-04-30 09:59:30 - INFO - [restartedMain] c.m.c.T.A.EsameFineCorsoJavaApplication - Starting EsameFineCorsoJavaApplication using Java 23.0.2 with PID 13828 (C:\Users\miche\Desktop\Sviluppo Software\2°Anno\Brief\Esame Fine Corso Java\Esame-Fine-Corso-Java\target\classes started by miche in C:\Users\miche\Desktop\Sviluppo Software\2°Anno\Brief\Esame Fine Corso Java\Esame-Fine-Corso-Java)
2025-04-30 09:59:30 - INFO - [restartedMain] c.m.c.T.A.EsameFineCorsoJavaApplication - No active profile set, falling back to 1 default profile: "default"
2025-04-30 09:59:32 - INFO - [restartedMain] o.s.d.r.c.RepositoryConfigurationDelegate - Bootstrapping Spring Data JPA repositories in DEFAULT mode.
2025-04-30 09:59:32 - INFO - [restartedMain] o.s.d.r.c.RepositoryConfigurationDelegate - Finished Spring Data repository scanning in 88 ms. Found 10 JPA repository interfaces.
2025-04-30 09:59:32 - INFO - [restartedMain] o.s.b.w.e.tomcat.TomcatWebServer - Tomcat initialized with port(s): 8080 (http)
2025-04-30 09:59:32 - INFO - [restartedMain] o.a.catalina.core.StandardService - Starting service [Tomcat]
2025-04-30 09:59:32 - INFO - [restartedMain] o.a.catalina.core.StandardEngine - Starting Servlet engine: [Apache Tomcat/10.1.15]
2025-04-30 09:59:32 - INFO - [restartedMain] o.a.c.c.C.[Tomcat-1].[localhost].[/] - Initializing Spring embedded WebApplicationContext
2025-04-30 09:59:32 - INFO - [restartedMain] o.s.b.w.s.c.ServletWebServerApplicationContext - Root WebApplicationContext: initialization completed in 2202 ms
2025-04-30 09:59:32 - INFO - [restartedMain] o.h.jpa.internal.util.LogHelper - HHH000204: Processing PersistenceUnitInfo [name: default]
2025-04-30 09:59:32 - INFO - [restartedMain] o.s.o.j.p.SpringPersistenceUnitInfo - No LoadTimeWeaver setup: ignoring JPA class transformer
2025-04-30 09:59:32 - INFO - [restartedMain] com.zaxxer.hikari.HikariDataSource - HikariPool-2 - Starting...
2025-04-30 09:59:32 - INFO - [restartedMain] com.zaxxer.hikari.pool.HikariPool - HikariPool-2 - Added connection org.postgresql.jdbc.PgConnection@44a9269b
2025-04-30 09:59:32 - INFO - [restartedMain] com.zaxxer.hikari.HikariDataSource - HikariPool-2 - Start completed.
2025-04-30 09:59:33 - INFO - [restartedMain] o.h.e.t.j.p.i.JtaPlatformInitiator - HHH000489: No JTA platform available (set 'hibernate.transaction.jta.platform' to enable JTA platform integration)
2025-04-30 09:59:33 - INFO - [restartedMain] o.s.o.j.LocalContainerEntityManagerFactoryBean - Initialized JPA EntityManagerFactory for persistence unit 'default'
2025-04-30 09:59:34 - WARN - [restartedMain] o.s.b.a.o.j.JpaBaseConfiguration$JpaWebConfiguration - spring.jpa.open-in-view is enabled by default. Therefore, database queries may be performed during view rendering. Explicitly configure spring.jpa.open-in-view to disable this warning
2025-04-30 09:59:34 - INFO - [restartedMain] o.s.s.web.DefaultSecurityFilterChain - Will secure any request with [org.springframework.security.web.session.DisableEncodeUrlFilter@1f3ee315, org.springframework.security.web.context.request.async.WebAsyncManagerIntegrationFilter@2b2d7097, org.springframework.security.web.context.SecurityContextHolderFilter@782d379c, org.springframework.security.web.header.HeaderWriterFilter@7fd4ed7d, org.springframework.security.web.authentication.logout.LogoutFilter@5d1d3742, com.michele.caniglia.Tech.Academy.auth.security.jwt.AuthTokenFilter@78818ad1, org.springframework.security.web.savedrequest.RequestCacheAwareFilter@c608f82, org.springframework.security.web.servletapi.SecurityContextHolderAwareRequestFilter@54073476, org.springframework.security.web.authentication.AnonymousAuthenticationFilter@33c3dc51, org.springframework.security.web.session.SessionManagementFilter@4238438, org.springframework.security.web.access.ExceptionTranslationFilter@3d093605, org.springframework.security.web.access.intercept.AuthorizationFilter@384095af]
2025-04-30 09:59:34 - INFO - [restartedMain] o.s.b.d.a.OptionalLiveReloadServer - LiveReload server is running on port 35729
2025-04-30 09:59:34 - INFO - [restartedMain] o.s.b.w.e.tomcat.TomcatWebServer - Tomcat started on port(s): 8080 (http) with context path ''
2025-04-30 09:59:34 - INFO - [restartedMain] c.m.c.T.A.EsameFineCorsoJavaApplication - Started EsameFineCorsoJavaApplication in 4.192 seconds (process running for 149.832)
2025-04-30 09:59:34 - INFO - [restartedMain] o.s.b.d.a.ConditionEvaluationDeltaLoggingListener - Condition evaluation unchanged
2025-04-30 10:00:10 - INFO - [http-nio-8080-exec-1] o.a.c.c.C.[Tomcat-1].[localhost].[/] - Initializing Spring DispatcherServlet 'dispatcherServlet'
2025-04-30 10:00:10 - INFO - [http-nio-8080-exec-1] o.s.web.servlet.DispatcherServlet - Initializing Servlet 'dispatcherServlet'
2025-04-30 10:00:10 - INFO - [http-nio-8080-exec-1] o.s.web.servlet.DispatcherServlet - Completed initialization in 3 ms
2025-04-30 10:00:30 - INFO - [http-nio-8080-exec-3] c.m.c.T.A.service.StudenteService - Recuperati 5 studenti
2025-04-30 10:00:42 - INFO - [http-nio-8080-exec-5] c.m.c.T.A.service.StudenteService - Studente trovato con ID 1: luca.rossi@example.com
2025-04-30 10:03:33 - INFO - [SpringApplicationShutdownHook] o.s.o.j.LocalContainerEntityManagerFactoryBean - Closing JPA EntityManagerFactory for persistence unit 'default'
2025-04-30 10:03:33 - INFO - [SpringApplicationShutdownHook] com.zaxxer.hikari.HikariDataSource - HikariPool-2 - Shutdown initiated...
2025-04-30 10:03:33 - INFO - [SpringApplicationShutdownHook] com.zaxxer.hikari.HikariDataSource - HikariPool-2 - Shutdown completed.
